<?xml version="1.0" encoding="UTF-8"?>
<!-- Generated by org.testng.reporters.JUnitReportReporter -->
<testsuite skipped="1" hostname="GopinathKumsi" name="com.testng.T1" tests="2" failures="0" timestamp="2020-08-11T16:50:19 IST" time="0.007" errors="0">
  <testcase name="skip" time="0.004" classname="com.testng.T1">
    <skipped/>
  </testcase> <!-- skip -->
  <testcase name="something" time="0.003" classname="com.testng.T1"/>
</testsuite> <!-- com.testng.T1 -->
