<?xml version="1.0" encoding="UTF-8"?>
<!-- Generated by org.testng.reporters.JUnitReportReporter -->
<testsuite skipped="0" hostname="GopinathKumsi" name="com.testng.T10" tests="2" failures="0" timestamp="2020-08-11T15:12:18 IST" time="0.028" errors="0">
  <testcase name="putTest" time="0.013" classname="com.testng.T10"/>
  <testcase name="getTest" time="0.015" classname="com.testng.T10"/>
</testsuite> <!-- com.testng.T10 -->
