<?xml version="1.0" encoding="UTF-8"?>
<!-- Generated by org.testng.reporters.JUnitReportReporter -->
<testsuite skipped="0" hostname="GopinathKumsi" name="com.testng.T2" tests="2" failures="0" timestamp="2020-08-11T16:52:40 IST" time="0.020" errors="0">
  <testcase name="one" time="0.014" classname="com.testng.T2"/>
  <testcase name="two" time="0.006" classname="com.testng.T2"/>
</testsuite> <!-- com.testng.T2 -->
