<?xml version="1.0" encoding="UTF-8"?>
<!-- Generated by org.testng.reporters.JUnitReportReporter -->
<testsuite skipped="0" hostname="GopinathKumsi" name="com.testng.T4" tests="4" failures="0" timestamp="2020-08-11T16:52:40 IST" time="0.013" errors="0">
  <testcase name="one" time="0.003" classname="com.testng.T4"/>
  <testcase name="three" time="0.003" classname="com.testng.T4"/>
  <testcase name="four" time="0.003" classname="com.testng.T4"/>
  <testcase name="two" time="0.004" classname="com.testng.T4"/>
</testsuite> <!-- com.testng.T4 -->
