<?xml version="1.0" encoding="UTF-8"?>
<!-- Generated by org.testng.reporters.JUnitReportReporter -->
<testsuite skipped="0" hostname="GopinathKumsi" name="com.testng.T9" tests="1" failures="0" timestamp="2020-08-10T16:59:29 IST" time="0.025" errors="0">
  <testcase name="test" time="0.025" classname="com.testng.T9"/>
</testsuite> <!-- com.testng.T9 -->
