<?xml version="1.0" encoding="UTF-8"?>
<!-- Generated by org.testng.reporters.JUnitReportReporter -->
<testsuite skipped="0" hostname="GopinathKumsi" name="com.testng.T6" tests="2" failures="0" timestamp="2020-08-10T16:38:19 IST" time="0.015" errors="0">
  <testcase name="putData" time="0.012" classname="com.testng.T6"/>
  <testcase name="putData" time="0.003" classname="com.testng.T6"/>
</testsuite> <!-- com.testng.T6 -->
