<?xml version="1.0" encoding="UTF-8"?>
<!-- Generated by org.testng.reporters.JUnitReportReporter -->
<testsuite skipped="0" hostname="GopinathKumsi" name="com.testng.T7" tests="5" failures="0" timestamp="2020-08-10T16:38:19 IST" time="0.103" errors="0">
  <testcase name="one" time="0.003" classname="com.testng.T7"/>
  <testcase name="two" time="0.004" classname="com.testng.T7"/>
  <testcase name="three" time="0.005" classname="com.testng.T7"/>
  <testcase name="Four" time="0.086" classname="com.testng.T7"/>
  <testcase name="Five" time="0.005" classname="com.testng.T7"/>
</testsuite> <!-- com.testng.T7 -->
