<?xml version="1.0" encoding="UTF-8"?>
<!-- Generated by org.testng.reporters.JUnitReportReporter -->
<testsuite skipped="0" hostname="GopinathKumsi" name="com.testng.T8" tests="5" failures="0" timestamp="2020-08-10T16:38:19 IST" time="0.091" errors="0">
  <testcase name="Six" time="0.011" classname="com.testng.T8"/>
  <testcase name="Seveen" time="0.009" classname="com.testng.T8"/>
  <testcase name="Eight" time="0.055" classname="com.testng.T8"/>
  <testcase name="Nine" time="0.014" classname="com.testng.T8"/>
  <testcase name="Ten" time="0.002" classname="com.testng.T8"/>
</testsuite> <!-- com.testng.T8 -->
